android/app/build/outputs/logs/manifest-merger-debug-report.txt
-- Merging decision tree log ---
manifest
ADDED from src\main\AndroidManifest.xml:2:1-32:12
	package
		ADDED from src\main\AndroidManifest.xml:2:11-41
		INJECTED from src\main\AndroidManifest.xml
		INJECTED from src\main\AndroidManifest.xml
	android:versionName
		INJECTED from src\main\AndroidManifest.xml
		INJECTED from src\main\AndroidManifest.xml
	xmlns:android
		ADDED from src\main\AndroidManifest.xml:3:11-69
	android:versionCode
		INJECTED from src\main\AndroidManifest.xml
		INJECTED from src\main\AndroidManifest.xml
application
ADDED from src\main\AndroidManifest.xml:5:3-30:17
MERGED from [host.exp.exponent:expoview:17.0.0] AndroidManifest.xml:65:5-81:19
MERGED from [com.google.android.gms:play-services-analytics:9.8.0] AndroidManifest.xml:26:5-19
MERGED from [com.google.android.gms:play-services-analytics-impl:9.8.0] AndroidManifest.xml:26:5-19
MERGED from [com.google.android.gms:play-services-gcm:9.8.0] AndroidManifest.xml:23:5-19
MERGED from [com.google.android.gms:play-services-iid:9.8.0] AndroidManifest.xml:23:5-19
MERGED from [com.facebook.react:react-native:17.0.0] AndroidManifest.xml:13:5-20
MERGED from [com.facebook.soloader:soloader:0.1.0] AndroidManifest.xml:3:3-17
MERGED from [com.google.android.gms:play-services-fitness:9.8.0] AndroidManifest.xml:18:5-19
MERGED from [com.google.android.gms:play-services-location:9.8.0] AndroidManifest.xml:4:5-19
MERGED from [com.crashlytics.sdk.android:crashlytics:2.5.5] AndroidManifest.xml:11:5-20
MERGED from [com.crashlytics.sdk.android:crashlytics-core:2.3.8] AndroidManifest.xml:11:5-20
MERGED from [com.crashlytics.sdk.android:answers:1.3.6] AndroidManifest.xml:11:5-20
MERGED from [io.fabric.sdk.android:fabric:1.3.10] AndroidManifest.xml:27:5-20
MERGED from [com.crashlytics.sdk.android:beta:1.1.4] AndroidManifest.xml:11:5-20
MERGED from [org.webkit:android-jsc:r174650] AndroidManifest.xml:2:3-17
MERGED from [com.airbnb.android:lottie:2.0.0-beta3] AndroidManifest.xml:10:5-20
MERGED from [com.crashlytics.sdk.android:answers-shim:0.0.6] AndroidManifest.xml:11:5-20
MERGED from [com.google.android.gms:play-services-auth:9.8.0] AndroidManifest.xml:19:5-25:19
MERGED from [com.google.android.gms:play-services-ads-lite:9.8.0] AndroidManifest.xml:23:5-27:19
MERGED from [com.google.android.gms:play-services-clearcut:9.8.0] AndroidManifest.xml:18:5-19
MERGED from [com.google.android.gms:play-services-gass:9.8.0] AndroidManifest.xml:4:5-19
MERGED from [com.raizlabs.android:DBFlow:2.2.1] AndroidManifest.xml:11:5-20
MERGED from [net.openid:appauth:0.4.1] AndroidManifest.xml:26:5-44:19
MERGED from [com.android.support:customtabs:25.3.1] AndroidManifest.xml:26:5-20
MERGED from [com.google.android.gms:play-services-maps:9.8.0] AndroidManifest.xml:24:5-19
MERGED from [com.google.android.gms:play-services-base:9.8.0] AndroidManifest.xml:18:5-20:19
MERGED from [com.google.android.gms:play-services-tasks:9.8.0] AndroidManifest.xml:4:5-19
MERGED from [com.google.android.gms:play-services-basement:9.8.0] AndroidManifest.xml:19:5-21:19
MERGED from [com.facebook.android:facebook-android-sdk:4.7.0] AndroidManifest.xml:28:5-20
MERGED from [com.android.support:appcompat-v7:25.3.1] AndroidManifest.xml:29:5-20
MERGED from [com.android.support:animated-vector-drawable:25.3.1] AndroidManifest.xml:26:5-20
MERGED from [com.android.support:support-vector-drawable:25.3.1] AndroidManifest.xml:26:5-20
MERGED from [com.android.support:support-v4:25.3.1] AndroidManifest.xml:29:5-20
MERGED from [com.android.support:support-fragment:25.3.1] AndroidManifest.xml:29:5-20
MERGED from [com.android.support:support-media-compat:25.3.1] AndroidManifest.xml:29:5-20
MERGED from [com.android.support:support-core-ui:25.3.1] AndroidManifest.xml:29:5-20
MERGED from [com.android.support:support-core-utils:25.3.1] AndroidManifest.xml:29:5-20
MERGED from [com.android.support:support-compat:25.3.1] AndroidManifest.xml:29:5-20
MERGED from [io.nlopez.smartlocation:library:3.2.11] AndroidManifest.xml:18:5-28:19
	android:label
		ADDED from src\main\AndroidManifest.xml:9:5-37
	android:supportsRtl
		ADDED from src\main\AndroidManifest.xml:10:5-31
	android:allowBackup
		ADDED from src\main\AndroidManifest.xml:7:5-31
	android:icon
		ADDED from src\main\AndroidManifest.xml:8:5-39
	android:name
		ADDED from src\main\AndroidManifest.xml:6:5-36
activity#com.soncattuong.serp.MainActivity
ADDED from src\main\AndroidManifest.xml:11:5-29:16
	android:windowSoftInputMode
		ADDED from src\main\AndroidManifest.xml:14:15-57
	android:configChanges
		ADDED from src\main\AndroidManifest.xml:12:15-85
	android:theme
		ADDED from src\main\AndroidManifest.xml:13:15-58
	android:name
		ADDED from src\main\AndroidManifest.xml:11:15-43
intent-filter#android.intent.action.MAIN+android.intent.category.LAUNCHER
ADDED from src\main\AndroidManifest.xml:15:7-19:23
action#android.intent.action.MAIN
ADDED from src\main\AndroidManifest.xml:16:9-60
	android:name
		ADDED from src\main\AndroidManifest.xml:16:17-58
category#android.intent.category.LAUNCHER
ADDED from src\main\AndroidManifest.xml:18:9-68
	android:name
		ADDED from src\main\AndroidManifest.xml:18:19-66
intent-filter#android.intent.action.VIEW+android.intent.category.BROWSABLE+android.intent.category.DEFAULT
ADDED from src\main\AndroidManifest.xml:21:7-28:23
data
ADDED from src\main\AndroidManifest.xml:22:9-69
	android:scheme
		ADDED from src\main\AndroidManifest.xml:22:15-67
action#android.intent.action.VIEW
ADDED from src\main\AndroidManifest.xml:24:9-60
	android:name
		ADDED from src\main\AndroidManifest.xml:24:17-58
category#android.intent.category.DEFAULT
ADDED from src\main\AndroidManifest.xml:26:9-67
	android:name
		ADDED from src\main\AndroidManifest.xml:26:19-65
category#android.intent.category.BROWSABLE
ADDED from src\main\AndroidManifest.xml:27:9-69
	android:name
		ADDED from src\main\AndroidManifest.xml:27:19-67
uses-sdk
INJECTED from src\main\AndroidManifest.xml reason: use-sdk injection requested
MERGED from [android:react-native-print:unspecified] AndroidManifest.xml:7:5-9:41
MERGED from [android:react-native-html-to-pdf:unspecified] AndroidManifest.xml:7:5-9:41
MERGED from [host.exp.exponent:expoview:17.0.0] AndroidManifest.xml:7:5-9:41
MERGED from [com.facebook.fresco:animated-webp:1.0.1] AndroidManifest.xml:5:5-7:41
MERGED from [com.squareup.leakcanary:leakcanary-android-no-op:1.4-beta1] AndroidManifest.xml:20:5-22:41
MERGED from [com.google.android.gms:play-services-analytics:9.8.0] AndroidManifest.xml:17:5-42
MERGED from [com.google.android.gms:play-services-analytics-impl:9.8.0] AndroidManifest.xml:17:5-42
MERGED from [com.theartofdev.edmodo:android-image-cropper:2.3.1] AndroidManifest.xml:8:5-10:41
MERGED from [com.google.android.gms:play-services-gcm:9.8.0] AndroidManifest.xml:17:5-42
MERGED from [com.google.android.gms:play-services-iid:9.8.0] AndroidManifest.xml:17:5-42
MERGED from [com.facebook.fresco:webpsupport:1.0.1] AndroidManifest.xml:5:5-7:41
MERGED from [me.leolin:ShortcutBadger:1.1.4] AndroidManifest.xml:7:5-9:41
MERGED from [com.yqritc:android-scalablevideoview:1.0.1] AndroidManifest.xml:8:5-10:41
MERGED from [com.android.support:multidex:1.0.1] AndroidManifest.xml:18:5-42
MERGED from [com.facebook.react:react-native:17.0.0] AndroidManifest.xml:7:5-9:41
MERGED from [com.facebook.fbui.textlayoutbuilder:textlayoutbuilder:1.0.0] AndroidManifest.xml:14:5-16:41
MERGED from [com.facebook.soloader:soloader:0.1.0] AndroidManifest.xml:2:3-70
MERGED from [com.facebook.fresco:imagepipeline-okhttp3:1.0.1] AndroidManifest.xml:5:5-7:41
MERGED from [com.facebook.fresco:imagepipeline-okhttp:1.0.1] AndroidManifest.xml:5:5-7:41
MERGED from [com.google.android.gms:play-services-fitness:9.8.0] AndroidManifest.xml:17:5-42
MERGED from [com.google.android.gms:play-services-location:9.8.0] AndroidManifest.xml:3:5-42
MERGED from [com.crashlytics.sdk.android:crashlytics:2.5.5] AndroidManifest.xml:7:5-43
MERGED from [com.crashlytics.sdk.android:crashlytics-core:2.3.8] AndroidManifest.xml:7:5-43
MERGED from [com.crashlytics.sdk.android:answers:1.3.6] AndroidManifest.xml:7:5-43
MERGED from [io.fabric.sdk.android:fabric:1.3.10] AndroidManifest.xml:23:5-43
MERGED from [com.crashlytics.sdk.android:beta:1.1.4] AndroidManifest.xml:7:5-43
MERGED from [com.facebook.fresco:fresco:1.0.1] AndroidManifest.xml:5:5-7:41
MERGED from [com.facebook.fresco:drawee:1.0.1] AndroidManifest.xml:5:5-7:41
MERGED from [com.airbnb.android:lottie:2.0.0-beta3] AndroidManifest.xml:6:5-8:41
MERGED from [io.branch.sdk.android:library:2.6.1] AndroidManifest.xml:7:5-9:41
MERGED from [com.crashlytics.sdk.android:answers-shim:0.0.6] AndroidManifest.xml:7:5-9:41
MERGED from [com.google.android.gms:play-services-auth:9.8.0] AndroidManifest.xml:17:5-42
MERGED from [com.google.android.gms:play-services-auth-base:9.8.0] AndroidManifest.xml:4:5-42
MERGED from [com.google.android.gms:play-services-ads:9.8.0] AndroidManifest.xml:17:5-42
MERGED from [com.google.android.gms:play-services-ads-lite:9.8.0] AndroidManifest.xml:22:5-42
MERGED from [com.google.android.gms:play-services-clearcut:9.8.0] AndroidManifest.xml:17:5-42
MERGED from [com.google.android.gms:play-services-gass:9.8.0] AndroidManifest.xml:3:5-42
MERGED from [com.raizlabs.android:DBFlow:2.2.1] AndroidManifest.xml:7:5-9:41
MERGED from [net.openid:appauth:0.4.1] AndroidManifest.xml:20:5-22:41
MERGED from [com.android.support:customtabs:25.3.1] AndroidManifest.xml:20:5-44
MERGED from [com.facebook.fresco:animated-gif:1.0.1] AndroidManifest.xml:5:5-7:41
MERGED from [com.facebook.fresco:animated-base:1.0.1] AndroidManifest.xml:5:5-7:41
MERGED from [com.facebook.fresco:imagepipeline:1.0.1] AndroidManifest.xml:5:5-7:41
MERGED from [com.facebook.fresco:imagepipeline-base:1.0.1] AndroidManifest.xml:5:5-7:41
MERGED from [com.facebook.fresco:fbcore:1.0.1] AndroidManifest.xml:5:5-7:41
MERGED from [com.google.android.gms:play-services-maps:9.8.0] AndroidManifest.xml:23:5-42
MERGED from [com.google.android.gms:play-services-base:9.8.0] AndroidManifest.xml:17:5-42
MERGED from [com.google.android.gms:play-services-tasks:9.8.0] AndroidManifest.xml:3:5-42
MERGED from [com.google.android.gms:play-services-basement:9.8.0] AndroidManifest.xml:17:5-42
MERGED from [com.facebook.android:facebook-android-sdk:4.7.0] AndroidManifest.xml:24:5-26:41
MERGED from [com.facebook.android:audience-network-sdk:4.19.0] AndroidManifest.xml:8:5-10:41
MERGED from [com.android.support:appcompat-v7:25.3.1] AndroidManifest.xml:21:5-23:78
MERGED from [com.android.support:animated-vector-drawable:25.3.1] AndroidManifest.xml:20:5-44
MERGED from [com.android.support:support-vector-drawable:25.3.1] AndroidManifest.xml:20:5-43
MERGED from [com.android.support:recyclerview-v7:25.3.1] AndroidManifest.xml:20:5-43
MERGED from [com.android.support:support-v4:25.3.1] AndroidManifest.xml:21:5-23:54
MERGED from [com.android.support:support-fragment:25.3.1] AndroidManifest.xml:21:5-23:60
MERGED from [com.android.support:support-media-compat:25.3.1] AndroidManifest.xml:21:5-23:63
MERGED from [com.android.support:support-core-ui:25.3.1] AndroidManifest.xml:21:5-23:58
MERGED from [com.android.support:support-core-utils:25.3.1] AndroidManifest.xml:21:5-23:61
MERGED from [com.android.support:support-compat:25.3.1] AndroidManifest.xml:21:5-23:58
MERGED from [com.google.android.exoplayer:exoplayer:r2.0.3] AndroidManifest.xml:21:5-23:41
MERGED from [io.nlopez.smartlocation:library:3.2.11] AndroidManifest.xml:8:5-10:41
	tools:overrideLibrary
		ADDED from [com.android.support:appcompat-v7:25.3.1] AndroidManifest.xml:23:9-75
	android:targetSdkVersion
		INJECTED from src\main\AndroidManifest.xml
		INJECTED from src\main\AndroidManifest.xml
	android:minSdkVersion
		INJECTED from src\main\AndroidManifest.xml
		INJECTED from src\main\AndroidManifest.xml
supports-screens
ADDED from [host.exp.exponent:expoview:17.0.0] AndroidManifest.xml:11:5-17:24
	android:largeScreens
		ADDED from [host.exp.exponent:expoview:17.0.0] AndroidManifest.xml:13:9-36
	android:smallScreens
		ADDED from [host.exp.exponent:expoview:17.0.0] AndroidManifest.xml:15:9-36
	android:normalScreens
		ADDED from [host.exp.exponent:expoview:17.0.0] AndroidManifest.xml:14:9-37
	android:xlargeScreens
		ADDED from [host.exp.exponent:expoview:17.0.0] AndroidManifest.xml:16:9-37
	android:anyDensity
		ADDED from [host.exp.exponent:expoview:17.0.0] AndroidManifest.xml:12:9-34
uses-permission#android.permission.INTERNET
ADDED from [host.exp.exponent:expoview:17.0.0] AndroidManifest.xml:19:5-67
MERGED from [com.google.android.gms:play-services-analytics:9.8.0] AndroidManifest.xml:20:5-66
MERGED from [com.google.android.gms:play-services-analytics-impl:9.8.0] AndroidManifest.xml:20:5-66
MERGED from [com.google.android.gms:play-services-gcm:9.8.0] AndroidManifest.xml:21:5-66
MERGED from [com.google.android.gms:play-services-iid:9.8.0] AndroidManifest.xml:21:5-66
MERGED from [com.crashlytics.sdk.android:crashlytics:2.5.5] AndroidManifest.xml:9:5-67
MERGED from [com.crashlytics.sdk.android:crashlytics-core:2.3.8] AndroidManifest.xml:9:5-67
MERGED from [com.crashlytics.sdk.android:answers:1.3.6] AndroidManifest.xml:9:5-67
MERGED from [io.fabric.sdk.android:fabric:1.3.10] AndroidManifest.xml:25:5-67
MERGED from [com.crashlytics.sdk.android:beta:1.1.4] AndroidManifest.xml:9:5-67
MERGED from [com.google.android.gms:play-services-ads-lite:9.8.0] AndroidManifest.xml:19:5-66
MERGED from [net.openid:appauth:0.4.1] AndroidManifest.xml:24:5-67
MERGED from [com.google.android.gms:play-services-maps:9.8.0] AndroidManifest.xml:20:5-66
	android:name
		ADDED from [host.exp.exponent:expoview:17.0.0] AndroidManifest.xml:19:22-64
uses-permission#com.android.launcher.permission.INSTALL_SHORTCUT
ADDED from [host.exp.exponent:expoview:17.0.0] AndroidManifest.xml:20:5-88
	android:name
		ADDED from [host.exp.exponent:expoview:17.0.0] AndroidManifest.xml:20:22-85
uses-permission#android.permission.SYSTEM_ALERT_WINDOW
ADDED from [host.exp.exponent:expoview:17.0.0] AndroidManifest.xml:21:5-78
MERGED from [com.facebook.react:react-native:17.0.0] AndroidManifest.xml:11:5-78
	android:name
		ADDED from [host.exp.exponent:expoview:17.0.0] AndroidManifest.xml:21:22-75
uses-permission#android.permission.WAKE_LOCK
ADDED from [host.exp.exponent:expoview:17.0.0] AndroidManifest.xml:22:5-68
MERGED from [com.google.android.gms:play-services-analytics:9.8.0] AndroidManifest.xml:24:5-67
MERGED from [com.google.android.gms:play-services-analytics-impl:9.8.0] AndroidManifest.xml:24:5-67
	android:name
		ADDED from [host.exp.exponent:expoview:17.0.0] AndroidManifest.xml:22:22-65
uses-permission#host.exp.exponent.permission.C2D_MESSAGE
ADDED from [host.exp.exponent:expoview:17.0.0] AndroidManifest.xml:23:5-80
	android:name
		ADDED from [host.exp.exponent:expoview:17.0.0] AndroidManifest.xml:23:22-77
uses-permission#android.permission.READ_INTERNAL_STORAGE
ADDED from [host.exp.exponent:expoview:17.0.0] AndroidManifest.xml:24:5-80
	android:name
		ADDED from [host.exp.exponent:expoview:17.0.0] AndroidManifest.xml:24:22-77
uses-permission#android.permission.ACCESS_NETWORK_STATE
ADDED from [host.exp.exponent:expoview:17.0.0] AndroidManifest.xml:25:5-79
MERGED from [com.google.android.gms:play-services-analytics:9.8.0] AndroidManifest.xml:21:5-78
MERGED from [com.google.android.gms:play-services-analytics-impl:9.8.0] AndroidManifest.xml:21:5-78
MERGED from [com.google.android.gms:play-services-ads-lite:9.8.0] AndroidManifest.xml:20:5-78
MERGED from [com.google.android.gms:play-services-maps:9.8.0] AndroidManifest.xml:19:5-78
MERGED from [io.nlopez.smartlocation:library:3.2.11] AndroidManifest.xml:13:5-79
	android:name
		ADDED from [host.exp.exponent:expoview:17.0.0] AndroidManifest.xml:25:22-76
uses-permission#android.permission.MANAGE_DOCUMENTS
ADDED from [host.exp.exponent:expoview:17.0.0] AndroidManifest.xml:26:5-75
	android:name
		ADDED from [host.exp.exponent:expoview:17.0.0] AndroidManifest.xml:26:22-72
uses-permission#android.permission.USE_FINGERPRINT
ADDED from [host.exp.exponent:expoview:17.0.0] AndroidManifest.xml:27:5-74
	android:name
		ADDED from [host.exp.exponent:expoview:17.0.0] AndroidManifest.xml:27:22-71
uses-permission#android.permission.READ_CONTACTS
ADDED from [host.exp.exponent:expoview:17.0.0] AndroidManifest.xml:30:5-72
	android:name
		ADDED from [host.exp.exponent:expoview:17.0.0] AndroidManifest.xml:30:22-69
uses-permission#android.permission.READ_EXTERNAL_STORAGE
ADDED from [host.exp.exponent:expoview:17.0.0] AndroidManifest.xml:31:5-80
	android:name
		ADDED from [host.exp.exponent:expoview:17.0.0] AndroidManifest.xml:31:22-77
uses-permission#android.permission.WRITE_EXTERNAL_STORAGE
ADDED from [host.exp.exponent:expoview:17.0.0] AndroidManifest.xml:32:5-81
	android:name
		ADDED from [host.exp.exponent:expoview:17.0.0] AndroidManifest.xml:32:22-78
uses-permission#android.permission.CAMERA
ADDED from [host.exp.exponent:expoview:17.0.0] AndroidManifest.xml:33:5-65
	android:name
		ADDED from [host.exp.exponent:expoview:17.0.0] AndroidManifest.xml:33:22-62
uses-permission#android.permission.ACCESS_COARSE_LOCATION
ADDED from [host.exp.exponent:expoview:17.0.0] AndroidManifest.xml:34:5-81
MERGED from [io.nlopez.smartlocation:library:3.2.11] AndroidManifest.xml:12:5-81
	android:name
		ADDED from [host.exp.exponent:expoview:17.0.0] AndroidManifest.xml:34:22-78
uses-permission#android.permission.ACCESS_FINE_LOCATION
ADDED from [host.exp.exponent:expoview:17.0.0] AndroidManifest.xml:35:5-79
MERGED from [io.nlopez.smartlocation:library:3.2.11] AndroidManifest.xml:14:5-79
	android:name
		ADDED from [host.exp.exponent:expoview:17.0.0] AndroidManifest.xml:35:22-76
uses-feature#android.hardware.camera
ADDED from [host.exp.exponent:expoview:17.0.0] AndroidManifest.xml:37:5-39:36
	android:required
		ADDED from [host.exp.exponent:expoview:17.0.0] AndroidManifest.xml:39:9-33
	android:name
		ADDED from [host.exp.exponent:expoview:17.0.0] AndroidManifest.xml:38:9-47
uses-feature#android.hardware.camera.autofocus
ADDED from [host.exp.exponent:expoview:17.0.0] AndroidManifest.xml:40:5-42:36
	android:required
		ADDED from [host.exp.exponent:expoview:17.0.0] AndroidManifest.xml:42:9-33
	android:name
		ADDED from [host.exp.exponent:expoview:17.0.0] AndroidManifest.xml:41:9-57
uses-feature#android.hardware.location
ADDED from [host.exp.exponent:expoview:17.0.0] AndroidManifest.xml:43:5-45:36
	android:required
		ADDED from [host.exp.exponent:expoview:17.0.0] AndroidManifest.xml:45:9-33
	android:name
		ADDED from [host.exp.exponent:expoview:17.0.0] AndroidManifest.xml:44:9-49
uses-feature#android.hardware.location.gps
ADDED from [host.exp.exponent:expoview:17.0.0] AndroidManifest.xml:46:5-48:36
	android:required
		ADDED from [host.exp.exponent:expoview:17.0.0] AndroidManifest.xml:48:9-33
	android:name
		ADDED from [host.exp.exponent:expoview:17.0.0] AndroidManifest.xml:47:9-53
uses-feature#android.hardware.location.network
ADDED from [host.exp.exponent:expoview:17.0.0] AndroidManifest.xml:49:5-51:36
	android:required
		ADDED from [host.exp.exponent:expoview:17.0.0] AndroidManifest.xml:51:9-33
	android:name
		ADDED from [host.exp.exponent:expoview:17.0.0] AndroidManifest.xml:50:9-57
uses-feature#android.hardware.wifi
ADDED from [host.exp.exponent:expoview:17.0.0] AndroidManifest.xml:52:5-54:36
	android:required
		ADDED from [host.exp.exponent:expoview:17.0.0] AndroidManifest.xml:54:9-33
	android:name
		ADDED from [host.exp.exponent:expoview:17.0.0] AndroidManifest.xml:53:9-45
uses-feature#android.hardware.microphone
ADDED from [host.exp.exponent:expoview:17.0.0] AndroidManifest.xml:55:5-57:36
	android:required
		ADDED from [host.exp.exponent:expoview:17.0.0] AndroidManifest.xml:57:9-33
	android:name
		ADDED from [host.exp.exponent:expoview:17.0.0] AndroidManifest.xml:56:9-51
uses-feature#android.hardware.telephony
ADDED from [host.exp.exponent:expoview:17.0.0] AndroidManifest.xml:58:5-60:36
	android:required
		ADDED from [host.exp.exponent:expoview:17.0.0] AndroidManifest.xml:60:9-33
	android:name
		ADDED from [host.exp.exponent:expoview:17.0.0] AndroidManifest.xml:59:9-50
uses-feature#android.hardware.bluetooth
ADDED from [host.exp.exponent:expoview:17.0.0] AndroidManifest.xml:61:5-63:36
	android:required
		ADDED from [host.exp.exponent:expoview:17.0.0] AndroidManifest.xml:63:9-33
	android:name
		ADDED from [host.exp.exponent:expoview:17.0.0] AndroidManifest.xml:62:9-50
receiver#host.exp.exponent.notifications.ScheduledNotificationReceiver
ADDED from [host.exp.exponent:expoview:17.0.0] AndroidManifest.xml:68:9-70:40
	android:exported
		ADDED from [host.exp.exponent:expoview:17.0.0] AndroidManifest.xml:70:13-37
	android:name
		ADDED from [host.exp.exponent:expoview:17.0.0] AndroidManifest.xml:69:13-89
provider#android.support.v4.content.FileProvider
ADDED from [host.exp.exponent:expoview:17.0.0] AndroidManifest.xml:72:9-80:20
	android:authorities
		ADDED from [host.exp.exponent:expoview:17.0.0] AndroidManifest.xml:74:13-60
	android:grantUriPermissions
		ADDED from [host.exp.exponent:expoview:17.0.0] AndroidManifest.xml:76:13-47
	android:exported
		ADDED from [host.exp.exponent:expoview:17.0.0] AndroidManifest.xml:75:13-37
	android:name
		ADDED from [host.exp.exponent:expoview:17.0.0] AndroidManifest.xml:73:13-67
meta-data#android.support.FILE_PROVIDER_PATHS
ADDED from [host.exp.exponent:expoview:17.0.0] AndroidManifest.xml:77:13-79:58
	android:resource
		ADDED from [host.exp.exponent:expoview:17.0.0] AndroidManifest.xml:79:17-55
	android:name
		ADDED from [host.exp.exponent:expoview:17.0.0] AndroidManifest.xml:78:17-67
uses-permission#com.google.android.c2dm.permission.RECEIVE
ADDED from [com.google.android.gms:play-services-gcm:9.8.0] AndroidManifest.xml:20:5-81
MERGED from [com.google.android.gms:play-services-iid:9.8.0] AndroidManifest.xml:20:5-81
	android:name
		ADDED from [com.google.android.gms:play-services-gcm:9.8.0] AndroidManifest.xml:20:22-79
uses-permission#com.sec.android.provider.badge.permission.READ
ADDED from [me.leolin:ShortcutBadger:1.1.4] AndroidManifest.xml:19:5-86
	android:name
		ADDED from [me.leolin:ShortcutBadger:1.1.4] AndroidManifest.xml:19:22-83
uses-permission#com.sec.android.provider.badge.permission.WRITE
ADDED from [me.leolin:ShortcutBadger:1.1.4] AndroidManifest.xml:20:5-87
	android:name
		ADDED from [me.leolin:ShortcutBadger:1.1.4] AndroidManifest.xml:20:22-84
uses-permission#com.htc.launcher.permission.READ_SETTINGS
ADDED from [me.leolin:ShortcutBadger:1.1.4] AndroidManifest.xml:23:5-81
	android:name
		ADDED from [me.leolin:ShortcutBadger:1.1.4] AndroidManifest.xml:23:22-78
uses-permission#com.htc.launcher.permission.UPDATE_SHORTCUT
ADDED from [me.leolin:ShortcutBadger:1.1.4] AndroidManifest.xml:24:5-83
	android:name
		ADDED from [me.leolin:ShortcutBadger:1.1.4] AndroidManifest.xml:24:22-80
uses-permission#com.sonyericsson.home.permission.BROADCAST_BADGE
ADDED from [me.leolin:ShortcutBadger:1.1.4] AndroidManifest.xml:27:5-88
	android:name
		ADDED from [me.leolin:ShortcutBadger:1.1.4] AndroidManifest.xml:27:22-85
uses-permission#com.anddoes.launcher.permission.UPDATE_COUNT
ADDED from [me.leolin:ShortcutBadger:1.1.4] AndroidManifest.xml:30:5-84
	android:name
		ADDED from [me.leolin:ShortcutBadger:1.1.4] AndroidManifest.xml:30:22-81
uses-permission#com.majeur.launcher.permission.UPDATE_BADGE
ADDED from [me.leolin:ShortcutBadger:1.1.4] AndroidManifest.xml:33:5-83
	android:name
		ADDED from [me.leolin:ShortcutBadger:1.1.4] AndroidManifest.xml:33:22-80
uses-permission#android.permission.READ_PHONE_STATE
IMPLIED from src\main\AndroidManifest.xml:2:1-32:12 reason: org.webkit.android_jsc has a targetSdkVersion < 4
activity#com.google.android.gms.auth.api.signin.internal.SignInHubActivity
ADDED from [com.google.android.gms:play-services-auth:9.8.0] AndroidManifest.xml:20:9-189
	android:excludeFromRecents
		ADDED from [com.google.android.gms:play-services-auth:9.8.0] AndroidManifest.xml:20:129-162
	android:exported
		ADDED from [com.google.android.gms:play-services-auth:9.8.0] AndroidManifest.xml:20:163-187
	android:theme
		ADDED from [com.google.android.gms:play-services-auth:9.8.0] AndroidManifest.xml:20:69-128
	android:name
		ADDED from [com.google.android.gms:play-services-auth:9.8.0] AndroidManifest.xml:20:19-68
service#com.google.android.gms.auth.api.signin.RevocationBoundService
ADDED from [com.google.android.gms:play-services-auth:9.8.0] AndroidManifest.xml:24:9-184
	android:exported
		ADDED from [com.google.android.gms:play-services-auth:9.8.0] AndroidManifest.xml:24:64-87
	android:permission
		ADDED from [com.google.android.gms:play-services-auth:9.8.0] AndroidManifest.xml:24:88-182
	android:name
		ADDED from [com.google.android.gms:play-services-auth:9.8.0] AndroidManifest.xml:24:18-63
activity#com.google.android.gms.ads.AdActivity
ADDED from [com.google.android.gms:play-services-ads-lite:9.8.0] AndroidManifest.xml:25:9-232
	android:configChanges
		ADDED from [com.google.android.gms:play-services-ads-lite:9.8.0] AndroidManifest.xml:25:72-181
	android:theme
		ADDED from [com.google.android.gms:play-services-ads-lite:9.8.0] AndroidManifest.xml:25:182-230
	android:name
		ADDED from [com.google.android.gms:play-services-ads-lite:9.8.0] AndroidManifest.xml:25:19-71
activity#com.google.android.gms.ads.purchase.InAppPurchaseActivity
ADDED from [com.google.android.gms:play-services-ads-lite:9.8.0] AndroidManifest.xml:26:9-131
	android:theme
		ADDED from [com.google.android.gms:play-services-ads-lite:9.8.0] AndroidManifest.xml:26:92-129
	android:name
		ADDED from [com.google.android.gms:play-services-ads-lite:9.8.0] AndroidManifest.xml:26:19-91
activity#net.openid.appauth.AuthorizationManagementActivity
ADDED from [net.openid:appauth:0.4.1] AndroidManifest.xml:27:9-31:75
	android:launchMode
		ADDED from [net.openid:appauth:0.4.1] AndroidManifest.xml:30:13-44
	android:exported
		ADDED from [net.openid:appauth:0.4.1] AndroidManifest.xml:29:13-37
	android:theme
		ADDED from [net.openid:appauth:0.4.1] AndroidManifest.xml:31:13-72
	android:name
		ADDED from [net.openid:appauth:0.4.1] AndroidManifest.xml:28:13-78
activity#net.openid.appauth.RedirectUriReceiverActivity
ADDED from [net.openid:appauth:0.4.1] AndroidManifest.xml:32:9-43:20
	android:exported
		ADDED from [net.openid:appauth:0.4.1] AndroidManifest.xml:34:13-36
	android:name
		ADDED from [net.openid:appauth:0.4.1] AndroidManifest.xml:33:13-74
meta-data#android.support.VERSION
ADDED from [com.android.support:customtabs:25.3.1] AndroidManifest.xml:22:5-24:34
MERGED from [com.android.support:appcompat-v7:25.3.1] AndroidManifest.xml:25:5-27:34
MERGED from [com.android.support:animated-vector-drawable:25.3.1] AndroidManifest.xml:22:5-24:34
MERGED from [com.android.support:support-vector-drawable:25.3.1] AndroidManifest.xml:22:5-24:34
MERGED from [com.android.support:recyclerview-v7:25.3.1] AndroidManifest.xml:22:5-24:34
MERGED from [com.android.support:support-v4:25.3.1] AndroidManifest.xml:25:5-27:34
MERGED from [com.android.support:support-fragment:25.3.1] AndroidManifest.xml:25:5-27:34
MERGED from [com.android.support:support-media-compat:25.3.1] AndroidManifest.xml:25:5-27:34
MERGED from [com.android.support:support-core-ui:25.3.1] AndroidManifest.xml:25:5-27:34
MERGED from [com.android.support:support-core-utils:25.3.1] AndroidManifest.xml:25:5-27:34
MERGED from [com.android.support:support-compat:25.3.1] AndroidManifest.xml:25:5-27:34
	android:value
		ADDED from [com.android.support:customtabs:25.3.1] AndroidManifest.xml:24:9-31
	android:name
		ADDED from [com.android.support:customtabs:25.3.1] AndroidManifest.xml:23:9-47
uses-feature#0x00020000
ADDED from [com.google.android.gms:play-services-maps:9.8.0] AndroidManifest.xml:21:5-77
	android:glEsVersion
		ADDED from [com.google.android.gms:play-services-maps:9.8.0] AndroidManifest.xml:21:19-51
	android:required
		ADDED from [com.google.android.gms:play-services-maps:9.8.0] AndroidManifest.xml:21:52-75
activity#com.google.android.gms.common.api.GoogleApiActivity
ADDED from [com.google.android.gms:play-services-base:9.8.0] AndroidManifest.xml:19:9-172
	android:exported
		ADDED from [com.google.android.gms:play-services-base:9.8.0] AndroidManifest.xml:19:146-170
	android:theme
		ADDED from [com.google.android.gms:play-services-base:9.8.0] AndroidManifest.xml:19:86-145
	android:name
		ADDED from [com.google.android.gms:play-services-base:9.8.0] AndroidManifest.xml:19:19-85
meta-data#com.google.android.gms.version
ADDED from [com.google.android.gms:play-services-basement:9.8.0] AndroidManifest.xml:20:9-121
	android:value
		ADDED from [com.google.android.gms:play-services-basement:9.8.0] AndroidManifest.xml:20:66-119
	android:name
		ADDED from [com.google.android.gms:play-services-basement:9.8.0] AndroidManifest.xml:20:20-65
uses-permission#com.google.android.providers.gsf.permission.READ_GSERVICES
ADDED from [io.nlopez.smartlocation:library:3.2.11] AndroidManifest.xml:15:5-98
	android:name
		ADDED from [io.nlopez.smartlocation:library:3.2.11] AndroidManifest.xml:15:22-95
uses-permission#com.google.android.gms.permission.ACTIVITY_RECOGNITION
ADDED from [io.nlopez.smartlocation:library:3.2.11] AndroidManifest.xml:16:5-94
	android:name
		ADDED from [io.nlopez.smartlocation:library:3.2.11] AndroidManifest.xml:16:22-91
service#io.nlopez.smartlocation.activity.providers.ActivityGooglePlayServicesProvider$ActivityRecognitionService
ADDED from [io.nlopez.smartlocation:library:3.2.11] AndroidManifest.xml:19:9-21:40
	android:exported
		ADDED from [io.nlopez.smartlocation:library:3.2.11] AndroidManifest.xml:21:13-37
	android:name
		ADDED from [io.nlopez.smartlocation:library:3.2.11] AndroidManifest.xml:20:13-132
service#io.nlopez.smartlocation.geofencing.providers.GeofencingGooglePlayServicesProvider$GeofencingService
ADDED from [io.nlopez.smartlocation:library:3.2.11] AndroidManifest.xml:22:9-24:40
	android:exported
		ADDED from [io.nlopez.smartlocation:library:3.2.11] AndroidManifest.xml:24:13-37
	android:name
		ADDED from [io.nlopez.smartlocation:library:3.2.11] AndroidManifest.xml:23:13-127